Determining if the pthread_create exist failed with the following output:
Change Dir: /home/mike/CLionProjects/jtop/cmake-build-debug/CMakeFiles/CMakeTmp

Run Build Command:"/usr/bin/make" "cmTC_75ea4/fast"
/usr/bin/make -f CMakeFiles/cmTC_75ea4.dir/build.make CMakeFiles/cmTC_75ea4.dir/build
make[1]: Entering directory '/home/mike/CLionProjects/jtop/cmake-build-debug/CMakeFiles/CMakeTmp'
Building C object CMakeFiles/cmTC_75ea4.dir/CheckSymbolExists.c.o
/usr/bin/cc    -o CMakeFiles/cmTC_75ea4.dir/CheckSymbolExists.c.o   -c /home/mike/CLionProjects/jtop/cmake-build-debug/CMakeFiles/CMakeTmp/CheckSymbolExists.c
Linking C executable cmTC_75ea4
/home/mike/opt/clion-2017.2.3/bin/cmake/bin/cmake -E cmake_link_script CMakeFiles/cmTC_75ea4.dir/link.txt --verbose=1
/usr/bin/cc      CMakeFiles/cmTC_75ea4.dir/CheckSymbolExists.c.o  -o cmTC_75ea4 
CMakeFiles/cmTC_75ea4.dir/CheckSymbolExists.c.o: In function `main':
CheckSymbolExists.c:(.text+0x1b): undefined reference to `pthread_create'
collect2: error: ld returned 1 exit status
CMakeFiles/cmTC_75ea4.dir/build.make:97: recipe for target 'cmTC_75ea4' failed
make[1]: *** [cmTC_75ea4] Error 1
make[1]: Leaving directory '/home/mike/CLionProjects/jtop/cmake-build-debug/CMakeFiles/CMakeTmp'
Makefile:126: recipe for target 'cmTC_75ea4/fast' failed
make: *** [cmTC_75ea4/fast] Error 2

File /home/mike/CLionProjects/jtop/cmake-build-debug/CMakeFiles/CMakeTmp/CheckSymbolExists.c:
/* */
#include <pthread.h>

int main(int argc, char** argv)
{
  (void)argv;
#ifndef pthread_create
  return ((int*)(&pthread_create))[argc];
#else
  (void)argc;
  return 0;
#endif
}

Determining if the function pthread_create exists in the pthreads failed with the following output:
Change Dir: /home/mike/CLionProjects/jtop/cmake-build-debug/CMakeFiles/CMakeTmp

Run Build Command:"/usr/bin/make" "cmTC_abe39/fast"
/usr/bin/make -f CMakeFiles/cmTC_abe39.dir/build.make CMakeFiles/cmTC_abe39.dir/build
make[1]: Entering directory '/home/mike/CLionProjects/jtop/cmake-build-debug/CMakeFiles/CMakeTmp'
Building C object CMakeFiles/cmTC_abe39.dir/CheckFunctionExists.c.o
/usr/bin/cc   -DCHECK_FUNCTION_EXISTS=pthread_create   -o CMakeFiles/cmTC_abe39.dir/CheckFunctionExists.c.o   -c /home/mike/opt/clion-2017.2.3/bin/cmake/share/cmake-3.8/Modules/CheckFunctionExists.c
Linking C executable cmTC_abe39
/home/mike/opt/clion-2017.2.3/bin/cmake/bin/cmake -E cmake_link_script CMakeFiles/cmTC_abe39.dir/link.txt --verbose=1
/usr/bin/cc  -DCHECK_FUNCTION_EXISTS=pthread_create    CMakeFiles/cmTC_abe39.dir/CheckFunctionExists.c.o  -o cmTC_abe39 -lpthreads 
/usr/bin/ld: cannot find -lpthreads
collect2: error: ld returned 1 exit status
CMakeFiles/cmTC_abe39.dir/build.make:97: recipe for target 'cmTC_abe39' failed
make[1]: *** [cmTC_abe39] Error 1
make[1]: Leaving directory '/home/mike/CLionProjects/jtop/cmake-build-debug/CMakeFiles/CMakeTmp'
Makefile:126: recipe for target 'cmTC_abe39/fast' failed
make: *** [cmTC_abe39/fast] Error 2


